<?xml version="1.0" encoding="UTF-8"?>
<!-- Generated by org.testng.reporters.JUnitReportReporter -->
<testsuite skipped="0" hostname="DESKTOP-201CKUJ" name="assignment1.Login" tests="1" failures="0" timestamp="2020-05-14T22:26:27 EDT" time="7.193" errors="0">
  <testcase name="login" time="7.193" classname="assignment1.Login"/>
  <system-out/>
</testsuite> <!-- assignment1.Login -->
