<?xml version="1.0" encoding="UTF-8"?>
<!-- Generated by org.testng.reporters.JUnitReportReporter -->
<testsuite skipped="0" hostname="Moqaddass-MacBook-Air.local" name="Assignment5.assignment5prac" tests="1" failures="0" timestamp="2020-05-09T02:03:16 CDT" time="5.089" errors="0">
  <testcase name="loginTest" time="5.089" classname="Assignment5.assignment5prac"/>
  <system-out/>
</testsuite> <!-- Assignment5.assignment5prac -->
