<?xml version="1.0" encoding="UTF-8"?>
<!-- Generated by org.testng.reporters.JUnitReportReporter -->
<testsuite skipped="0" hostname="DESKTOP-201CKUJ" name="practice.PracticeHandle" tests="1" failures="0" timestamp="2020-05-14T23:48:52 EDT" time="54.556" errors="0">
  <testcase name="practiceHandle" time="54.556" classname="practice.PracticeHandle"/>
  <system-out/>
</testsuite> <!-- practice.PracticeHandle -->
