<?xml version="1.0" encoding="UTF-8"?>
<!-- Generated by org.testng.reporters.JUnitReportReporter -->
<testsuite skipped="0" hostname="DESKTOP-201CKUJ" name="Assignment5Sush" tests="1" failures="0" timestamp="2020-05-16T22:18:40 EDT" time="12.381" errors="0">
  <testcase name="addAccount" time="12.381" classname="Assignment5Sush"/>
  <system-out/>
</testsuite> <!-- Assignment5Sush -->
